info: Error - ❌ : Dec-21-2023 12:17:16: Process 40716 is online on port number 4000
info: Error - ❌ : Dec-21-2023 12:17:16: Process 35532 is online on port number 4000
info: Error - ❌ : Dec-21-2023 12:17:16: Process 21612 is online on port number 4000
info: Error - ❌ : Dec-21-2023 12:17:16: Process 41548 is online on port number 4000
info: Info - ❌ : Dec-21-2023 12:18:39: Process 10780 is online on port number 4000
info: Info - ❌ : Dec-21-2023 12:18:39: Process 23520 is online on port number 4000
info: Info - ❌ : Dec-21-2023 12:18:39: Process 31928 is online on port number 4000
info: Info - ❌ : Dec-21-2023 12:18:39: Process 15024 is online on port number 4000
info: Info - ❌ : Dec-21-2023 13:58:16: Process 17748 is online on port number 4000
info: Info - ❌ : Dec-21-2023 13:58:17: Process 34296 is online on port number 4000
info: Info - ❌ : Dec-21-2023 13:58:17: Process 19804 is online on port number 4000
info: Info - ❌ : Dec-21-2023 13:58:17: Process 44616 is online on port number 4000
info: Info - ❌ : Dec-21-2023 14:01:24: Process 43344 is online on port number 4000
info: Info - ❌ : Dec-21-2023 14:01:24: Process 29152 is online on port number 4000
info: Info - ❌ : Dec-21-2023 14:01:24: Process 2080 is online on port number 4000
info: Info - ❌ : Dec-21-2023 14:01:24: Process 38896 is online on port number 4000
info: Info - ❌ : Dec-21-2023 14:06:23: Process 2744 is online on port number 4000
info: Info - ❌ : Dec-21-2023 14:06:23: Process 44932 is online on port number 4000
info: Info - ❌ : Dec-21-2023 14:06:23: Process 19580 is online on port number 4000
info: Info - ❌ : Dec-21-2023 14:06:23: Process 43216 is online on port number 4000
info: Info - ❌ : Dec-21-2023 14:06:42: Process 37848 is online on port number 4000
info: Info - ❌ : Dec-21-2023 14:06:42: Process 6416 is online on port number 4000
info: Info - ❌ : Dec-21-2023 14:06:42: Process 1868 is online on port number 4000
info: Info - ❌ : Dec-21-2023 14:06:42: Process 42344 is online on port number 4000
info: Info - ❌ : Dec-21-2023 14:14:52: Process 2060 is online on port number 4000
info: Info - ❌ : Dec-21-2023 14:14:52: Process 43408 is online on port number 4000
info: Info - ❌ : Dec-21-2023 14:14:52: Process 12536 is online on port number 4000
info: Info - ❌ : Dec-21-2023 14:14:52: Process 32480 is online on port number 4000
info: Info - ❌ : Dec-21-2023 14:15:26: Process 41964 is online on port number 4000
info: Info - ❌ : Dec-21-2023 14:15:26: Process 42256 is online on port number 4000
info: Info - ❌ : Dec-21-2023 14:15:26: Process 30284 is online on port number 4000
info: Info - ❌ : Dec-21-2023 14:15:26: Process 15616 is online on port number 4000
info: Info - ❌ : Dec-21-2023 14:17:41: Process 8424 is online on port number 4000
info: Info - ❌ : Dec-21-2023 14:17:41: Process 15596 is online on port number 4000
info: Info - ❌ : Dec-21-2023 14:17:41: Process 11064 is online on port number 4000
info: Info - ❌ : Dec-21-2023 14:17:42: Process 44828 is online on port number 4000
info: Info - ❌ : Dec-21-2023 15:26:04: Process 33168 is online on port number 4000
info: Info - ❌ : Dec-21-2023 15:26:04: Process 43776 is online on port number 4000
info: Info - ❌ : Dec-21-2023 15:26:04: Process 43628 is online on port number 4000
info: Info - ❌ : Dec-21-2023 15:26:04: Process 41228 is online on port number 4000
info: Info - ❌ : Dec-21-2023 20:49:59: Process 8044 is online on port number 4000
info: Info - ❌ : Dec-21-2023 20:49:59: Process 16116 is online on port number 4000
info: Info - ❌ : Dec-21-2023 20:49:59: Process 19492 is online on port number 4000
info: Info - ❌ : Dec-21-2023 20:49:59: Process 1216 is online on port number 4000
info: Info - ❌ : Dec-21-2023 20:49:59: Process 20444 is online on port number 4000
info: Info - ❌ : Dec-21-2023 20:49:59: Process 16928 is online on port number 4000
info: Info - ❌ : Dec-21-2023 20:49:59: Process 20052 is online on port number 4000
info: Info - ❌ : Dec-21-2023 20:49:59: Process 8400 is online on port number 4000
info: Info - ❌ : Dec-21-2023 20:51:02: Process 17228 is online on port number 4000
info: Info - ❌ : Dec-21-2023 20:51:02: Process 2748 is online on port number 4000
info: Info - ❌ : Dec-21-2023 20:51:02: Process 17168 is online on port number 4000
info: Info - ❌ : Dec-21-2023 20:51:02: Process 11968 is online on port number 4000
info: Info - ❌ : Dec-21-2023 20:51:02: Process 1704 is online on port number 4000
info: Info - ❌ : Dec-21-2023 20:51:02: Process 12492 is online on port number 4000
info: Info - ❌ : Dec-21-2023 20:51:02: Process 19240 is online on port number 4000
info: Info - ❌ : Dec-21-2023 20:51:02: Process 10988 is online on port number 4000
info: Info - ❌ : Dec-21-2023 20:54:27: Worker 12492 has died!
error: Error - ❌ : Dec-21-2023 20:54:27: Worker 12492 has died!
info: Info - ❌ : Dec-21-2023 20:54:31: Process 17496 is online on port number 4000
info: Info - ❌ : Dec-21-2023 20:54:31: Process 14916 is online on port number 4000
info: Info - ❌ : Dec-21-2023 20:54:31: Process 1140 is online on port number 4000
info: Info - ❌ : Dec-21-2023 20:54:32: Process 17388 is online on port number 4000
info: Info - ❌ : Dec-21-2023 20:54:32: Process 9608 is online on port number 4000
info: Info - ❌ : Dec-21-2023 20:54:32: Process 13220 is online on port number 4000
info: Info - ❌ : Dec-21-2023 20:54:32: Process 18208 is online on port number 4000
info: Info - ❌ : Dec-21-2023 20:54:32: Process 16664 is online on port number 4000
info: Info - ❌ : Dec-21-2023 20:55:42: Process 3396 is online on port number 4000
info: Info - ❌ : Dec-21-2023 20:55:42: Process 9356 is online on port number 4000
info: Info - ❌ : Dec-21-2023 20:55:42: Process 14416 is online on port number 4000
info: Info - ❌ : Dec-21-2023 20:55:42: Process 18992 is online on port number 4000
info: Info - ❌ : Dec-21-2023 20:55:42: Process 6192 is online on port number 4000
info: Info - ❌ : Dec-21-2023 20:55:42: Process 11824 is online on port number 4000
info: Info - ❌ : Dec-21-2023 20:55:42: Process 20252 is online on port number 4000
info: Info - ❌ : Dec-21-2023 20:55:42: Process 2756 is online on port number 4000
info: Info - ❌ : Dec-21-2023 20:56:02: Process 16880 is online on port number 4000
info: Info - ❌ : Dec-21-2023 20:56:02: Process 14796 is online on port number 4000
info: Info - ❌ : Dec-21-2023 20:56:02: Process 15364 is online on port number 4000
info: Info - ❌ : Dec-21-2023 20:56:03: Process 19856 is online on port number 4000
info: Info - ❌ : Dec-21-2023 20:56:03: Process 8636 is online on port number 4000
info: Info - ❌ : Dec-21-2023 20:56:03: Process 10160 is online on port number 4000
info: Info - ❌ : Dec-21-2023 20:56:03: Process 4792 is online on port number 4000
info: Info - ❌ : Dec-21-2023 20:56:03: Process 6452 is online on port number 4000
info: Info - ❌ : Dec-21-2023 20:58:31: Worker 16880 has died!
error: Error - ❌ : Dec-21-2023 20:58:31: Worker 16880 has died!
info: Info - ❌ : Dec-21-2023 20:58:34: Process 18816 is online on port number 4000
info: Info - ❌ : Dec-21-2023 20:58:34: Process 15204 is online on port number 4000
info: Info - ❌ : Dec-21-2023 20:58:34: Process 17708 is online on port number 4000
info: Info - ❌ : Dec-21-2023 20:58:34: Process 17928 is online on port number 4000
info: Info - ❌ : Dec-21-2023 20:58:34: Process 7340 is online on port number 4000
info: Info - ❌ : Dec-21-2023 20:58:34: Process 1764 is online on port number 4000
info: Info - ❌ : Dec-21-2023 20:58:34: Process 19524 is online on port number 4000
info: Info - ❌ : Dec-21-2023 20:58:34: Process 7752 is online on port number 4000
info: Info - ❌ : Dec-21-2023 21:00:36: Process 7808 is online on port number 4000
info: Info - ❌ : Dec-21-2023 21:00:36: Process 15172 is online on port number 4000
info: Info - ❌ : Dec-21-2023 21:00:36: Process 8468 is online on port number 4000
info: Info - ❌ : Dec-21-2023 21:00:36: Process 8008 is online on port number 4000
info: Info - ❌ : Dec-21-2023 21:00:36: Process 2812 is online on port number 4000
info: Info - ❌ : Dec-21-2023 21:00:36: Process 20396 is online on port number 4000
info: Info - ❌ : Dec-21-2023 21:00:36: Process 20240 is online on port number 4000
info: Info - ❌ : Dec-21-2023 21:00:37: Process 17776 is online on port number 4000
info: Info - ❌ : Dec-21-2023 21:04:06: Process 12160 is online on port number 4000
info: Info - ❌ : Dec-21-2023 21:04:06: Process 15200 is online on port number 4000
info: Info - ❌ : Dec-21-2023 21:04:06: Process 12948 is online on port number 4000
info: Info - ❌ : Dec-21-2023 21:04:06: Process 2156 is online on port number 4000
info: Info - ❌ : Dec-21-2023 21:04:06: Process 11100 is online on port number 4000
info: Info - ❌ : Dec-21-2023 21:04:06: Process 16048 is online on port number 4000
info: Info - ❌ : Dec-21-2023 21:04:06: Process 15860 is online on port number 4000
info: Info - ❌ : Dec-21-2023 21:04:06: Process 8900 is online on port number 4000
info: Info - ❌ : Dec-21-2023 21:06:02: Worker 12948 has died!
error: Error - ❌ : Dec-21-2023 21:06:02: Worker 12948 has died!
info: Info - ❌ : Dec-21-2023 21:06:06: Process 19672 is online on port number 4000
info: Info - ❌ : Dec-21-2023 21:06:06: Process 17496 is online on port number 4000
info: Info - ❌ : Dec-21-2023 21:06:06: Process 8368 is online on port number 4000
info: Info - ❌ : Dec-21-2023 21:06:06: Process 14452 is online on port number 4000
info: Info - ❌ : Dec-21-2023 21:06:06: Process 19080 is online on port number 4000
info: Info - ❌ : Dec-21-2023 21:06:06: Process 8524 is online on port number 4000
info: Info - ❌ : Dec-21-2023 21:06:06: Process 6328 is online on port number 4000
info: Info - ❌ : Dec-21-2023 21:06:06: Process 20256 is online on port number 4000
info: Info - ❌ : Dec-22-2023 09:59:14: Worker 19672 has died!
error: Error - ❌ : Dec-22-2023 09:59:14: Worker 19672 has died!
info: Info - ❌ : Dec-22-2023 09:59:18: Process 22928 is online on port number 4000
info: Info - ❌ : Dec-22-2023 09:59:18: Process 17180 is online on port number 4000
info: Info - ❌ : Dec-22-2023 09:59:18: Process 23208 is online on port number 4000
info: Info - ❌ : Dec-22-2023 09:59:18: Process 23180 is online on port number 4000
info: Info - ❌ : Dec-22-2023 09:59:18: Process 23144 is online on port number 4000
info: Info - ❌ : Dec-22-2023 09:59:18: Process 19892 is online on port number 4000
info: Info - ❌ : Dec-22-2023 09:59:18: Process 22972 is online on port number 4000
info: Info - ❌ : Dec-22-2023 09:59:18: Process 19828 is online on port number 4000
info: Info - ❌ : Dec-22-2023 10:08:03: Process 22780 is online on port number 4000
info: Info - ❌ : Dec-22-2023 10:08:03: Process 1140 is online on port number 4000
info: Info - ❌ : Dec-22-2023 10:08:03: Process 18616 is online on port number 4000
info: Info - ❌ : Dec-22-2023 10:08:03: Process 23128 is online on port number 4000
info: Info - ❌ : Dec-22-2023 10:08:03: Process 1332 is online on port number 4000
info: Info - ❌ : Dec-22-2023 10:08:03: Process 18080 is online on port number 4000
info: Info - ❌ : Dec-22-2023 10:08:03: Process 21500 is online on port number 4000
info: Info - ❌ : Dec-22-2023 10:08:03: Process 19392 is online on port number 4000
info: Info - ❌ : Dec-22-2023 10:08:19: Worker 18616 has died!
error: Error - ❌ : Dec-22-2023 10:08:19: Worker 18616 has died!
info: Info - ❌ : Dec-22-2023 10:08:22: Process 22248 is online on port number 4000
info: Info - ❌ : Dec-22-2023 10:08:22: Process 18648 is online on port number 4000
info: Info - ❌ : Dec-22-2023 10:08:23: Process 23056 is online on port number 4000
info: Info - ❌ : Dec-22-2023 10:08:23: Process 14812 is online on port number 4000
info: Info - ❌ : Dec-22-2023 10:08:23: Process 17312 is online on port number 4000
info: Info - ❌ : Dec-22-2023 10:08:23: Process 20572 is online on port number 4000
info: Info - ❌ : Dec-22-2023 10:08:23: Process 20056 is online on port number 4000
info: Info - ❌ : Dec-22-2023 10:08:23: Process 21384 is online on port number 4000
info: Info - ❌ : Dec-22-2023 10:08:53: Worker 22248 has died!
info: Info - ❌ : Dec-22-2023 10:08:57: Process 17236 is online on port number 4000
info: Info - ❌ : Dec-22-2023 10:08:57: Process 15148 is online on port number 4000
info: Info - ❌ : Dec-22-2023 10:08:57: Process 5572 is online on port number 4000
info: Info - ❌ : Dec-22-2023 10:08:57: Process 1728 is online on port number 4000
info: Info - ❌ : Dec-22-2023 10:08:57: Process 22948 is online on port number 4000
info: Info - ❌ : Dec-22-2023 10:08:57: Process 10476 is online on port number 4000
info: Info - ❌ : Dec-22-2023 10:08:57: Process 13000 is online on port number 4000
info: Info - ❌ : Dec-22-2023 10:08:57: Process 19892 is online on port number 4000
info: Info - ❌ : Dec-22-2023 10:09:41: Worker 17236 has died!
info: Info - ❌ : Dec-22-2023 10:09:44: Process 6424 is online on port number 4000
info: Info - ❌ : Dec-22-2023 10:09:45: Process 3672 is online on port number 4000
info: Info - ❌ : Dec-22-2023 10:09:45: Process 18948 is online on port number 4000
info: Info - ❌ : Dec-22-2023 10:09:45: Process 15864 is online on port number 4000
info: Info - ❌ : Dec-22-2023 10:09:45: Process 10568 is online on port number 4000
info: Info - ❌ : Dec-22-2023 10:09:45: Process 20160 is online on port number 4000
info: Info - ❌ : Dec-22-2023 10:09:45: Process 5696 is online on port number 4000
info: Info - ❌ : Dec-22-2023 10:09:45: Process 18908 is online on port number 4000
info: Info - ❌ : Dec-22-2023 10:10:30: Process 18692 is online on port number 4000
info: Info - ❌ : Dec-22-2023 10:10:30: Process 14812 is online on port number 4000
info: Info - ❌ : Dec-22-2023 10:10:30: Process 13428 is online on port number 4000
info: Info - ❌ : Dec-22-2023 10:10:30: Process 20056 is online on port number 4000
info: Info - ❌ : Dec-22-2023 10:10:30: Process 15056 is online on port number 4000
info: Info - ❌ : Dec-22-2023 10:10:30: Process 5884 is online on port number 4000
info: Info - ❌ : Dec-22-2023 10:10:30: Process 22924 is online on port number 4000
info: Info - ❌ : Dec-22-2023 10:10:30: Process 22812 is online on port number 4000
info: Info - ❌ : Dec-22-2023 10:10:53: Process 6564 is online on port number 4000
info: Info - ❌ : Dec-22-2023 10:10:53: Process 19228 is online on port number 4000
info: Info - ❌ : Dec-22-2023 10:10:53: Process 12052 is online on port number 4000
info: Info - ❌ : Dec-22-2023 10:10:53: Process 9076 is online on port number 4000
info: Info - ❌ : Dec-22-2023 10:10:53: Process 19904 is online on port number 4000
info: Info - ❌ : Dec-22-2023 10:10:53: Process 16804 is online on port number 4000
info: Info - ❌ : Dec-22-2023 10:10:53: Process 15520 is online on port number 4000
info: Info - ❌ : Dec-22-2023 10:10:53: Process 21260 is online on port number 4000
info: Info - ❌ : Dec-22-2023 10:12:11: Process 21892 is online on port number 4000
info: Info - ❌ : Dec-22-2023 10:12:11: Process 2432 is online on port number 4000
info: Info - ❌ : Dec-22-2023 10:12:11: Process 3148 is online on port number 4000
info: Info - ❌ : Dec-22-2023 10:12:11: Process 16760 is online on port number 4000
info: Info - ❌ : Dec-22-2023 10:12:11: Process 11732 is online on port number 4000
info: Info - ❌ : Dec-22-2023 10:12:11: Process 22764 is online on port number 4000
info: Info - ❌ : Dec-22-2023 10:12:11: Process 20556 is online on port number 4000
info: Info - ❌ : Dec-22-2023 10:12:12: Process 21372 is online on port number 4000
info: Info - ❌ : Dec-22-2023 10:12:29: Process 19320 is online on port number 4000
info: Info - ❌ : Dec-22-2023 10:12:29: Process 21020 is online on port number 4000
info: Info - ❌ : Dec-22-2023 10:12:29: Process 5940 is online on port number 4000
info: Info - ❌ : Dec-22-2023 10:12:29: Process 3352 is online on port number 4000
info: Info - ❌ : Dec-22-2023 10:12:29: Process 8036 is online on port number 4000
info: Info - ❌ : Dec-22-2023 10:12:29: Process 22028 is online on port number 4000
info: Info - ❌ : Dec-22-2023 10:12:29: Process 8092 is online on port number 4000
info: Info - ❌ : Dec-22-2023 10:12:29: Process 17612 is online on port number 4000
info: Info - ❌ : Dec-22-2023 10:13:11: Process 23452 is online on port number 4000
info: Info - ❌ : Dec-22-2023 10:13:11: Process 19940 is online on port number 4000
info: Info - ❌ : Dec-22-2023 10:13:11: Process 13952 is online on port number 4000
info: Info - ❌ : Dec-22-2023 10:13:11: Process 22056 is online on port number 4000
info: Info - ❌ : Dec-22-2023 10:13:11: Process 14848 is online on port number 4000
info: Info - ❌ : Dec-22-2023 10:13:11: Process 12600 is online on port number 4000
info: Info - ❌ : Dec-22-2023 10:13:11: Process 12792 is online on port number 4000
info: Info - ❌ : Dec-22-2023 10:13:11: Process 14600 is online on port number 4000
info: Info - ❌ : Dec-24-2023 17:28:51: Process 27756 is online on port number 4000
info: Info - ❌ : Dec-24-2023 17:28:51: Process 33508 is online on port number 4000
info: Info - ❌ : Dec-24-2023 17:28:51: Process 45112 is online on port number 4000
info: Info - ❌ : Dec-24-2023 17:28:51: Process 44868 is online on port number 4000
info: Info - ❌ : Dec-24-2023 17:45:24: Process 21188 is online on port number 4000
info: Info - ❌ : Dec-24-2023 17:45:24: Process 35080 is online on port number 4000
info: Info - ❌ : Dec-24-2023 17:45:24: Process 8812 is online on port number 4000
info: Info - ❌ : Dec-24-2023 17:45:24: Process 44340 is online on port number 4000
info: Info - ❌ : Dec-24-2023 17:46:08: Process 29504 is online on port number 4000
info: Info - ❌ : Dec-24-2023 17:46:08: Process 44956 is online on port number 4000
info: Info - ❌ : Dec-24-2023 17:46:08: Process 45452 is online on port number 4000
info: Info - ❌ : Dec-24-2023 17:46:08: Process 43088 is online on port number 4000
info: Info - ❌ : Dec-24-2023 17:46:14: Process 18216 is online on port number 4000
info: Info - ❌ : Dec-24-2023 17:46:14: Process 44920 is online on port number 4000
info: Info - ❌ : Dec-24-2023 17:46:14: Process 40884 is online on port number 4000
info: Info - ❌ : Dec-24-2023 17:46:14: Process 15824 is online on port number 4000
info: Info - ❌ : Dec-24-2023 17:46:24: Process 8728 is online on port number 4000
info: Info - ❌ : Dec-24-2023 17:46:24: Process 45332 is online on port number 4000
info: Info - ❌ : Dec-24-2023 17:46:24: Process 45064 is online on port number 4000
info: Info - ❌ : Dec-24-2023 17:46:24: Process 43408 is online on port number 4000
info: Info - ❌ : Dec-24-2023 17:46:34: Worker 45264 has died!
error: Error - ❌ : Dec-24-2023 17:46:34: Worker 45264 has died!
info: Info - ❌ : Dec-24-2023 17:46:39: Process 41316 is online on port number 4000
info: Info - ❌ : Dec-24-2023 17:46:39: Process 45156 is online on port number 4000
info: Info - ❌ : Dec-24-2023 17:46:39: Process 34104 is online on port number 4000
info: Info - ❌ : Dec-24-2023 17:46:39: Process 17292 is online on port number 4000
info: Info - ❌ : Dec-24-2023 17:46:54: Process 43164 is online on port number 4000
info: Info - ❌ : Dec-24-2023 17:46:54: Process 39528 is online on port number 4000
info: Info - ❌ : Dec-24-2023 17:46:54: Process 39884 is online on port number 4000
info: Info - ❌ : Dec-24-2023 17:46:55: Process 44788 is online on port number 4000
info: Info - ❌ : Dec-24-2023 17:49:33: Process 34304 is online on port number 4000
info: Info - ❌ : Dec-24-2023 17:49:33: Process 31852 is online on port number 4000
info: Info - ❌ : Dec-24-2023 17:49:33: Process 29736 is online on port number 4000
info: Info - ❌ : Dec-24-2023 17:49:33: Process 26780 is online on port number 4000
info: Info - ❌ : Dec-24-2023 17:50:59: Process 12872 is online on port number 4000
info: Info - ❌ : Dec-24-2023 17:50:59: Process 45032 is online on port number 4000
info: Info - ❌ : Dec-24-2023 17:51:00: Process 28096 is online on port number 4000
info: Info - ❌ : Dec-24-2023 17:51:00: Process 35168 is online on port number 4000
info: Info - ❌ : Dec-24-2023 17:51:21: Process 32948 is online on port number 4000
info: Info - ❌ : Dec-24-2023 17:51:21: Process 45800 is online on port number 4000
info: Info - ❌ : Dec-24-2023 17:51:21: Process 45280 is online on port number 4000
info: Info - ❌ : Dec-24-2023 17:51:22: Process 39848 is online on port number 4000
info: Info - ❌ : Dec-24-2023 17:52:55: Process 42888 is online on port number 4000
info: Info - ❌ : Dec-24-2023 17:52:55: Process 7164 is online on port number 4000
info: Info - ❌ : Dec-24-2023 17:52:55: Process 45560 is online on port number 4000
info: Info - ❌ : Dec-24-2023 17:52:55: Process 23128 is online on port number 4000
info: Info - ❌ : Dec-24-2023 17:57:48: Process 43348 is online on port number 4000
info: Info - ❌ : Dec-24-2023 17:57:48: Process 44772 is online on port number 4000
info: Info - ❌ : Dec-24-2023 17:57:48: Process 45088 is online on port number 4000
info: Info - ❌ : Dec-24-2023 17:57:48: Process 25532 is online on port number 4000
info: Info - ❌ : Dec-24-2023 17:58:17: Process 4836 is online on port number 4000
info: Info - ❌ : Dec-24-2023 17:58:17: Process 11716 is online on port number 4000
info: Info - ❌ : Dec-24-2023 17:58:17: Process 45640 is online on port number 4000
info: Info - ❌ : Dec-24-2023 17:58:17: Process 37524 is online on port number 4000
info: Info - ❌ : Dec-24-2023 17:58:56: Process 45528 is online on port number 4000
info: Info - ❌ : Dec-24-2023 17:58:56: Process 44520 is online on port number 4000
info: Info - ❌ : Dec-24-2023 17:58:56: Process 42212 is online on port number 4000
info: Info - ❌ : Dec-24-2023 17:58:56: Process 40348 is online on port number 4000
info: Info - ❌ : Dec-24-2023 17:59:18: Process 36712 is online on port number 4000
info: Info - ❌ : Dec-24-2023 17:59:18: Process 13968 is online on port number 4000
info: Info - ❌ : Dec-24-2023 17:59:18: Process 33676 is online on port number 4000
info: Info - ❌ : Dec-24-2023 17:59:18: Process 13960 is online on port number 4000
info: Info - ❌ : Dec-24-2023 17:59:35: Process 24764 is online on port number 4000
info: Info - ❌ : Dec-24-2023 17:59:35: Process 10348 is online on port number 4000
info: Info - ❌ : Dec-24-2023 17:59:35: Process 16372 is online on port number 4000
info: Info - ❌ : Dec-24-2023 17:59:35: Process 36380 is online on port number 4000
info: Info - ❌ : Dec-24-2023 17:59:36: Worker 24764 has died!
error: Error - ❌ : Dec-24-2023 17:59:36: Worker 24764 has died!
info: Info - ❌ : Dec-24-2023 17:59:40: Process 36292 is online on port number 4000
info: Info - ❌ : Dec-24-2023 17:59:40: Process 34800 is online on port number 4000
info: Info - ❌ : Dec-24-2023 17:59:40: Process 33360 is online on port number 4000
info: Info - ❌ : Dec-24-2023 17:59:40: Process 30172 is online on port number 4000
info: Info - ❌ : Dec-24-2023 18:05:03: Process 36376 is online on port number 4000
info: Info - ❌ : Dec-24-2023 18:05:03: Process 45864 is online on port number 4000
info: Info - ❌ : Dec-24-2023 18:05:03: Process 24612 is online on port number 4000
info: Info - ❌ : Dec-24-2023 18:05:03: Process 42416 is online on port number 4000
info: Info - ❌ : Dec-24-2023 18:06:37: Process 21316 is online on port number 4000
info: Info - ❌ : Dec-24-2023 18:06:37: Process 42224 is online on port number 4000
info: Info - ❌ : Dec-24-2023 18:06:37: Process 44908 is online on port number 4000
info: Info - ❌ : Dec-24-2023 18:06:37: Process 19008 is online on port number 4000
info: Info - ❌ : Dec-24-2023 18:06:52: Process 32348 is online on port number 4000
info: Info - ❌ : Dec-24-2023 18:06:52: Process 9568 is online on port number 4000
info: Info - ❌ : Dec-24-2023 18:06:52: Process 4156 is online on port number 4000
info: Info - ❌ : Dec-24-2023 18:06:52: Process 37420 is online on port number 4000
info: Info - ❌ : Dec-24-2023 18:07:24: Process 40524 is online on port number 4000
info: Info - ❌ : Dec-24-2023 18:07:24: Process 13960 is online on port number 4000
info: Info - ❌ : Dec-24-2023 18:07:24: Process 8420 is online on port number 4000
info: Info - ❌ : Dec-24-2023 18:07:24: Process 8956 is online on port number 4000
info: Info - ❌ : Dec-24-2023 18:07:47: Process 32136 is online on port number 4000
info: Info - ❌ : Dec-24-2023 18:07:47: Process 13644 is online on port number 4000
info: Info - ❌ : Dec-24-2023 18:07:47: Process 21636 is online on port number 4000
info: Info - ❌ : Dec-24-2023 18:07:47: Process 27224 is online on port number 4000
info: Info - ❌ : Dec-24-2023 18:10:13: Process 30908 is online on port number 4000
info: Info - ❌ : Dec-24-2023 18:10:13: Process 44764 is online on port number 4000
info: Info - ❌ : Dec-24-2023 18:10:13: Process 37900 is online on port number 4000
info: Info - ❌ : Dec-24-2023 18:10:13: Process 33324 is online on port number 4000
info: Info - ❌ : Dec-24-2023 18:12:00: Process 39172 is online on port number 4000
info: Info - ❌ : Dec-24-2023 18:12:00: Process 43520 is online on port number 4000
info: Info - ❌ : Dec-24-2023 18:12:00: Process 29780 is online on port number 4000
info: Info - ❌ : Dec-24-2023 18:12:00: Process 16540 is online on port number 4000
info: Info - ❌ : Dec-25-2023 09:31:52: Process 28620 is online on port number 4000
info: Info - ❌ : Dec-25-2023 09:31:52: Process 25788 is online on port number 4000
info: Info - ❌ : Dec-25-2023 09:31:52: Process 46088 is online on port number 4000
info: Info - ❌ : Dec-25-2023 09:31:52: Process 29060 is online on port number 4000
info: Info - ❌ : Dec-25-2023 11:13:34: Process 41972 is online on port number 4000
info: Info - ❌ : Dec-25-2023 11:13:34: Process 28844 is online on port number 4000
info: Info - ❌ : Dec-25-2023 11:13:35: Process 42116 is online on port number 4000
info: Info - ❌ : Dec-25-2023 11:13:35: Process 30264 is online on port number 4000
info: Info - ❌ : Dec-25-2023 11:14:00: Worker 42116 has died!
error: Error - ❌ : Dec-25-2023 11:14:00: Worker 42116 has died!
info: Info - ❌ : Dec-25-2023 11:14:05: Process 37604 is online on port number 4000
info: Info - ❌ : Dec-25-2023 11:14:05: Process 46964 is online on port number 4000
info: Info - ❌ : Dec-25-2023 11:14:06: Process 42932 is online on port number 4000
info: Info - ❌ : Dec-25-2023 11:14:06: Process 15580 is online on port number 4000
info: Info - ❌ : Dec-25-2023 11:14:27: Process 16648 is online on port number 4000
info: Info - ❌ : Dec-25-2023 11:14:27: Process 2060 is online on port number 4000
info: Info - ❌ : Dec-25-2023 11:14:28: Process 10112 is online on port number 4000
info: Info - ❌ : Dec-25-2023 11:14:28: Process 4780 is online on port number 4000
info: Info - ❌ : Dec-25-2023 11:19:01: Process 40280 is online on port number 4000
info: Info - ❌ : Dec-25-2023 11:19:01: Process 45584 is online on port number 4000
info: Info - ❌ : Dec-25-2023 11:19:01: Process 33836 is online on port number 4000
info: Info - ❌ : Dec-25-2023 11:19:02: Process 44492 is online on port number 4000
info: Info - ❌ : Dec-25-2023 11:27:29: Process 28272 is online on port number 4000
info: Info - ❌ : Dec-25-2023 11:27:30: Process 46700 is online on port number 4000
info: Info - ❌ : Dec-25-2023 11:27:30: Process 45844 is online on port number 4000
info: Info - ❌ : Dec-25-2023 11:27:30: Process 5872 is online on port number 4000
info: Info - ❌ : Dec-25-2023 11:29:09: Process 564 is online on port number 4000
info: Info - ❌ : Dec-25-2023 11:29:09: Process 35064 is online on port number 4000
info: Info - ❌ : Dec-25-2023 11:29:09: Process 26152 is online on port number 4000
info: Info - ❌ : Dec-25-2023 11:29:10: Process 43612 is online on port number 4000
info: Info - ❌ : Dec-25-2023 11:38:33: Process 30932 is online on port number 4000
info: Info - ❌ : Dec-25-2023 11:38:33: Process 18480 is online on port number 4000
info: Info - ❌ : Dec-25-2023 11:38:33: Process 41376 is online on port number 4000
info: Info - ❌ : Dec-25-2023 11:38:33: Process 37580 is online on port number 4000
info: Info - ❌ : Dec-25-2023 11:39:17: Process 38020 is online on port number 4000
info: Info - ❌ : Dec-25-2023 11:39:17: Process 47020 is online on port number 4000
info: Info - ❌ : Dec-25-2023 11:39:17: Process 40288 is online on port number 4000
info: Info - ❌ : Dec-25-2023 11:39:17: Process 42784 is online on port number 4000
info: Info - ❌ : Dec-25-2023 12:06:07: Process 45864 is online on port number 4000
info: Info - ❌ : Dec-25-2023 12:06:07: Process 23896 is online on port number 4000
info: Info - ❌ : Dec-25-2023 12:06:07: Process 16412 is online on port number 4000
info: Info - ❌ : Dec-25-2023 12:06:07: Process 43292 is online on port number 4000
info: Info - ❌ : Dec-25-2023 12:06:49: Worker 45864 has died!
info: Info - ❌ : Dec-25-2023 12:06:57: Process 13664 is online on port number 4000
info: Info - ❌ : Dec-25-2023 12:06:57: Process 38612 is online on port number 4000
info: Info - ❌ : Dec-25-2023 12:06:57: Process 34216 is online on port number 4000
info: Info - ❌ : Dec-25-2023 12:06:57: Process 43348 is online on port number 4000
info: Info - ❌ : Dec-25-2023 15:14:35: Process 12372 is online on port number 4000
info: Info - ❌ : Dec-25-2023 15:14:35: Process 43380 is online on port number 4000
info: Info - ❌ : Dec-25-2023 15:14:35: Process 43088 is online on port number 4000
info: Info - ❌ : Dec-25-2023 15:14:35: Process 44124 is online on port number 4000
info: Info - ❌ : Dec-25-2023 15:26:49: Process 43192 is online on port number 4000
info: Info - ❌ : Dec-25-2023 15:26:49: Process 34380 is online on port number 4000
info: Info - ❌ : Dec-25-2023 15:26:49: Process 44316 is online on port number 4000
info: Info - ❌ : Dec-25-2023 15:26:49: Process 6992 is online on port number 4000
info: Info - ❌ : Dec-25-2023 15:27:39: Process 47092 is online on port number 4000
info: Info - ❌ : Dec-25-2023 15:27:39: Process 47008 is online on port number 4000
info: Info - ❌ : Dec-25-2023 15:27:39: Process 42584 is online on port number 4000
info: Info - ❌ : Dec-25-2023 15:27:39: Process 42916 is online on port number 4000
info: Info - ❌ : Dec-25-2023 15:30:36: Worker 47008 has died!
error: Error - ❌ : Dec-25-2023 15:30:36: Worker 47008 has died!
info: Info - ❌ : Dec-25-2023 15:30:39: Process 34740 is online on port number 4000
info: Info - ❌ : Dec-25-2023 15:30:39: Process 44180 is online on port number 4000
info: Info - ❌ : Dec-25-2023 15:30:39: Process 45776 is online on port number 4000
info: Info - ❌ : Dec-25-2023 15:30:39: Process 17920 is online on port number 4000
info: Info - ❌ : Dec-25-2023 15:31:29: Process 24216 is online on port number 4000
info: Info - ❌ : Dec-25-2023 15:31:29: Process 42884 is online on port number 4000
info: Info - ❌ : Dec-25-2023 15:31:29: Process 24220 is online on port number 4000
info: Info - ❌ : Dec-25-2023 15:31:29: Process 9540 is online on port number 4000
info: Info - ❌ : Dec-25-2023 15:33:13: Process 44792 is online on port number 4000
info: Info - ❌ : Dec-25-2023 15:33:13: Process 35584 is online on port number 4000
info: Info - ❌ : Dec-25-2023 15:33:13: Process 42336 is online on port number 4000
info: Info - ❌ : Dec-25-2023 15:33:13: Process 46708 is online on port number 4000
info: Info - ❌ : Dec-25-2023 15:34:03: Process 45296 is online on port number 4000
info: Info - ❌ : Dec-25-2023 15:34:03: Process 46964 is online on port number 4000
info: Info - ❌ : Dec-25-2023 15:34:03: Process 37652 is online on port number 4000
info: Info - ❌ : Dec-25-2023 15:34:03: Process 33964 is online on port number 4000
info: Info - ❌ : Dec-25-2023 15:35:09: Process 6688 is online on port number 4000
info: Info - ❌ : Dec-25-2023 15:35:09: Process 40260 is online on port number 4000
info: Info - ❌ : Dec-25-2023 15:35:09: Process 10524 is online on port number 4000
info: Info - ❌ : Dec-25-2023 15:35:09: Process 15500 is online on port number 4000
info: Info - ❌ : Dec-25-2023 15:41:58: Process 22612 is online on port number 4000
info: Info - ❌ : Dec-25-2023 15:41:58: Process 35336 is online on port number 4000
info: Info - ❌ : Dec-25-2023 15:41:58: Process 19096 is online on port number 4000
info: Info - ❌ : Dec-25-2023 15:41:59: Process 2012 is online on port number 4000
info: Info - ❌ : Dec-25-2023 15:43:56: Process 37844 is online on port number 4000
info: Info - ❌ : Dec-25-2023 15:43:56: Process 23400 is online on port number 4000
info: Info - ❌ : Dec-25-2023 15:43:56: Process 16256 is online on port number 4000
info: Info - ❌ : Dec-25-2023 15:43:56: Process 47012 is online on port number 4000
info: Info - ❌ : Dec-25-2023 15:46:18: Process 25120 is online on port number 4000
info: Info - ❌ : Dec-25-2023 15:46:18: Process 40260 is online on port number 4000
info: Info - ❌ : Dec-25-2023 15:46:18: Process 12188 is online on port number 4000
info: Info - ❌ : Dec-25-2023 15:46:18: Process 44464 is online on port number 4000
info: Info - ❌ : Dec-25-2023 15:46:31: Worker 40260 has died!
info: Info - ❌ : Dec-25-2023 15:46:34: Process 45020 is online on port number 4000
info: Info - ❌ : Dec-25-2023 15:46:34: Process 40380 is online on port number 4000
info: Info - ❌ : Dec-25-2023 15:46:34: Process 38772 is online on port number 4000
info: Info - ❌ : Dec-25-2023 15:46:34: Process 20388 is online on port number 4000
info: Info - ❌ : Dec-25-2023 15:49:58: Worker 40380 has died!
error: Error - ❌ : Dec-25-2023 15:49:58: Worker 40380 has died!
info: Info - ❌ : Dec-25-2023 15:50:03: Process 21444 is online on port number 4000
info: Info - ❌ : Dec-25-2023 15:50:03: Process 32828 is online on port number 4000
info: Info - ❌ : Dec-25-2023 15:50:03: Process 11716 is online on port number 4000
info: Info - ❌ : Dec-25-2023 15:50:03: Process 12268 is online on port number 4000
info: Info - ❌ : Dec-25-2023 15:51:26: Process 33632 is online on port number 4000
info: Info - ❌ : Dec-25-2023 15:51:26: Process 39812 is online on port number 4000
info: Info - ❌ : Dec-25-2023 15:51:26: Process 45484 is online on port number 4000
info: Info - ❌ : Dec-25-2023 15:51:26: Process 23536 is online on port number 4000
info: Info - ❌ : Dec-25-2023 15:53:37: Process 45204 is online on port number 4000
info: Info - ❌ : Dec-25-2023 15:53:37: Process 31820 is online on port number 4000
info: Info - ❌ : Dec-25-2023 15:53:37: Process 45276 is online on port number 4000
info: Info - ❌ : Dec-25-2023 15:53:37: Process 27188 is online on port number 4000
info: Info - ❌ : Dec-25-2023 15:57:45: Process 39812 is online on port number 4000
info: Info - ❌ : Dec-25-2023 15:57:45: Process 13816 is online on port number 4000
info: Info - ❌ : Dec-25-2023 15:57:45: Process 32400 is online on port number 4000
info: Info - ❌ : Dec-25-2023 15:57:45: Process 31856 is online on port number 4000
info: Info - ❌ : Dec-25-2023 16:08:38: Process 10216 is online on port number 4000
info: Info - ❌ : Dec-25-2023 16:08:38: Process 42112 is online on port number 4000
info: Info - ❌ : Dec-25-2023 16:08:38: Process 12776 is online on port number 4000
info: Info - ❌ : Dec-25-2023 16:08:38: Process 40404 is online on port number 4000
info: Info - ❌ : Dec-25-2023 16:12:29: Process 47732 is online on port number 4000
info: Info - ❌ : Dec-25-2023 16:12:29: Process 32380 is online on port number 4000
info: Info - ❌ : Dec-25-2023 16:12:29: Process 29092 is online on port number 4000
info: Info - ❌ : Dec-25-2023 16:12:29: Process 22860 is online on port number 4000
info: Info - ❌ : Dec-25-2023 16:49:23: Process 47408 is online on port number 4000
info: Info - ❌ : Dec-25-2023 16:49:23: Process 35572 is online on port number 4000
info: Info - ❌ : Dec-25-2023 16:49:23: Process 43904 is online on port number 4000
info: Info - ❌ : Dec-25-2023 16:49:23: Process 27884 is online on port number 4000
info: Info - ❌ : Dec-25-2023 16:50:36: Worker 43904 has died!
error: Error - ❌ : Dec-25-2023 16:50:36: Worker 43904 has died!
info: Info - ❌ : Dec-25-2023 16:50:41: Process 10364 is online on port number 4000
info: Info - ❌ : Dec-25-2023 16:50:41: Process 9540 is online on port number 4000
info: Info - ❌ : Dec-25-2023 16:50:41: Process 13320 is online on port number 4000
info: Info - ❌ : Dec-25-2023 16:50:41: Process 47248 is online on port number 4000
info: Info - ❌ : Dec-25-2023 16:56:39: Process 30156 is online on port number 4000
info: Info - ❌ : Dec-25-2023 16:56:39: Process 46100 is online on port number 4000
info: Info - ❌ : Dec-25-2023 16:56:39: Process 47608 is online on port number 4000
info: Info - ❌ : Dec-25-2023 16:56:39: Process 45768 is online on port number 4000
info: Info - ❌ : Dec-25-2023 16:58:06: Process 47688 is online on port number 4000
info: Info - ❌ : Dec-25-2023 16:58:06: Process 46844 is online on port number 4000
info: Info - ❌ : Dec-25-2023 16:58:06: Process 35520 is online on port number 4000
info: Info - ❌ : Dec-25-2023 16:58:06: Process 47680 is online on port number 4000
info: Info - ❌ : Dec-25-2023 16:58:52: Worker 47680 has died!
error: Error - ❌ : Dec-25-2023 16:58:52: Worker 47680 has died!
info: Info - ❌ : Dec-25-2023 16:58:56: Process 47952 is online on port number 4000
info: Info - ❌ : Dec-25-2023 16:58:56: Process 47384 is online on port number 4000
info: Info - ❌ : Dec-25-2023 16:58:56: Process 43232 is online on port number 4000
info: Info - ❌ : Dec-25-2023 16:58:56: Process 42948 is online on port number 4000
info: Info - ❌ : Dec-25-2023 17:02:59: Process 5984 is online on port number 4000
info: Info - ❌ : Dec-25-2023 17:02:59: Process 47072 is online on port number 4000
info: Info - ❌ : Dec-25-2023 17:02:59: Process 38792 is online on port number 4000
info: Info - ❌ : Dec-25-2023 17:02:59: Process 25120 is online on port number 4000
info: Info - ❌ : Dec-25-2023 17:07:15: Worker 47072 has died!
error: Error - ❌ : Dec-25-2023 17:07:15: Worker 47072 has died!
error: Info - ❌ : Dec-25-2023 17:07:15: Worker 47072 has died!
info: Info - ❌ : Dec-25-2023 17:07:15: Creating a new Worker
info: Info - ❌ : Dec-25-2023 17:07:18: Process 43380 is online on port number 4000
info: Info - ❌ : Dec-25-2023 17:07:18: Process 40372 is online on port number 4000
info: Info - ❌ : Dec-25-2023 17:07:18: Process 6824 is online on port number 4000
info: Info - ❌ : Dec-25-2023 17:07:18: Process 8648 is online on port number 4000
info: Info - ❌ : Dec-25-2023 17:29:24: Process 47360 is online on port number 4000
info: Info - ❌ : Dec-25-2023 17:29:24: Process 31080 is online on port number 4000
info: Info - ❌ : Dec-25-2023 17:29:24: Process 21152 is online on port number 4000
info: Info - ❌ : Dec-25-2023 17:29:24: Process 38928 is online on port number 4000
info: Info - ❌ : Dec-25-2023 17:29:52: Process 47964 is online on port number 4000
info: Info - ❌ : Dec-25-2023 17:29:52: Process 17328 is online on port number 4000
info: Info - ❌ : Dec-25-2023 17:29:52: Process 47800 is online on port number 4000
info: Info - ❌ : Dec-25-2023 17:29:52: Process 11212 is online on port number 4000
info: Info - ❌ : Dec-25-2023 17:30:07: Process 38504 is online on port number 4000
info: Info - ❌ : Dec-25-2023 17:30:07: Process 47980 is online on port number 4000
info: Info - ❌ : Dec-25-2023 17:30:07: Process 30524 is online on port number 4000
info: Info - ❌ : Dec-25-2023 17:30:07: Process 42956 is online on port number 4000
info: Info - ❌ : Dec-25-2023 17:30:30: Worker 30524 has died!
error: Error - ❌ : Dec-25-2023 17:30:30: Worker 30524 has died!
info: Info - ❌ : Dec-25-2023 17:30:36: Process 12020 is online on port number 4000
info: Info - ❌ : Dec-25-2023 17:30:36: Process 31600 is online on port number 4000
info: Info - ❌ : Dec-25-2023 17:30:36: Process 41716 is online on port number 4000
info: Info - ❌ : Dec-25-2023 17:30:36: Process 45020 is online on port number 4000
info: Info - ❌ : Dec-25-2023 17:30:51: Process 38220 is online on port number 4000
info: Info - ❌ : Dec-25-2023 17:30:51: Process 42164 is online on port number 4000
info: Info - ❌ : Dec-25-2023 17:30:51: Process 33352 is online on port number 4000
info: Info - ❌ : Dec-25-2023 17:30:51: Process 42028 is online on port number 4000
info: Info - ❌ : Dec-25-2023 17:32:37: Process 37668 is online on port number 4000
info: Info - ❌ : Dec-25-2023 17:32:37: Process 25720 is online on port number 4000
info: Info - ❌ : Dec-25-2023 17:32:37: Process 42856 is online on port number 4000
info: Info - ❌ : Dec-25-2023 17:32:37: Process 35516 is online on port number 4000
info: Info - ❌ : Dec-25-2023 17:39:12: Process 18524 is online on port number 4000
info: Info - ❌ : Dec-25-2023 17:39:12: Process 30648 is online on port number 4000
info: Info - ❌ : Dec-25-2023 17:39:12: Process 36556 is online on port number 4000
info: Info - ❌ : Dec-25-2023 17:39:12: Process 37260 is online on port number 4000
info: Info - ❌ : Dec-25-2023 17:51:53: Process 47688 is online on port number 4000
info: Info - ❌ : Dec-25-2023 17:57:04: Process 45552 is online on port number 4000
info: Info - ❌ : Dec-25-2023 17:58:42: Process 29336 is online on port number 4000
info: Info - ❌ : Dec-25-2023 17:59:15: Process 40388 is online on port number 4000
